<?xml version="1.0" encoding="UTF-8"?>
<!-- Generated by org.testng.reporters.JUnitReportReporter -->
<testsuite hostname="shree-PC" name="com.ohrm.qa.testcases.LoginPageTest" tests="2" failures="0" timestamp="22 Dec 2018 14:39:49 GMT" time="7.295" errors="0">
  <testcase name="loginPageTitleTest" time="0.021" classname="com.ohrm.qa.testcases.LoginPageTest"/>
  <testcase name="loginTest" time="7.274" classname="com.ohrm.qa.testcases.LoginPageTest"/>
</testsuite> <!-- com.ohrm.qa.testcases.LoginPageTest -->
