<?xml version="1.0" encoding="UTF-8"?>
<!-- Generated by org.testng.reporters.JUnitReportReporter -->
<testsuite hostname="shree-PC" name="com.ohrm.qa.testcases.LoginPageTest" tests="6" failures="0" timestamp="8 Jan 2019 20:09:48 GMT" time="13.554" errors="0">
  <testcase name="loginTest" time="3.090" classname="com.ohrm.qa.testcases.LoginPageTest"/>
  <testcase name="loginPageTitleTest" time="0.020" classname="com.ohrm.qa.testcases.LoginPageTest"/>
  <testcase name="loginTest" time="2.435" classname="com.ohrm.qa.testcases.LoginPageTest"/>
  <testcase name="loginTest" time="2.310" classname="com.ohrm.qa.testcases.LoginPageTest"/>
  <testcase name="validateLogoTest" time="0.058" classname="com.ohrm.qa.testcases.LoginPageTest"/>
  <testcase name="loginTest" time="5.641" classname="com.ohrm.qa.testcases.LoginPageTest"/>
</testsuite> <!-- com.ohrm.qa.testcases.LoginPageTest -->
