<?xml version="1.0" encoding="UTF-8"?>
<!-- Generated by org.testng.reporters.JUnitReportReporter -->
<testsuite hostname="shree-PC" name="NoParameter.NoParameterWithTestNGXML" tests="1" failures="0" timestamp="24 Nov 2018 04:47:06 GMT" time="4.525" errors="0">
  <testcase name="testNoParameter" time="4.525" classname="NoParameter.NoParameterWithTestNGXML"/>
</testsuite> <!-- NoParameter.NoParameterWithTestNGXML -->
