<?xml version="1.0" encoding="UTF-8"?>
<!-- Generated by org.testng.reporters.JUnitReportReporter -->
<testsuite hostname="shree-PC" name="ParameterByDataProvider.ParameterbyDataprovider" tests="3" failures="0" timestamp="24 Nov 2018 05:35:19 GMT" time="9.627" errors="0">
  <testcase name="testMethod" time="3.296" classname="ParameterByDataProvider.ParameterbyDataprovider"/>
  <testcase name="testMethod" time="3.167" classname="ParameterByDataProvider.ParameterbyDataprovider"/>
  <testcase name="testMethod" time="3.164" classname="ParameterByDataProvider.ParameterbyDataprovider"/>
</testsuite> <!-- ParameterByDataProvider.ParameterbyDataprovider -->
